<?xml version="1.0" encoding="UTF-8"?>
<testng-results ignored="0" total="1" passed="1" failed="0" skipped="0">
  <reporter-output>
  </reporter-output>
  <suite started-at="2025-10-15T15:15:01 IST" name="Default suite" finished-at="2025-10-15T15:15:10 IST" duration-ms="8247">
    <groups>
    </groups>
    <test started-at="2025-10-15T15:15:01 IST" name="Default test" finished-at="2025-10-15T15:15:10 IST" duration-ms="8247">
      <class name="com.client.NM_HospitalManage.Module.DisplayAdminDashboardTest">
        <test-method is-config="true" signature="beforeSuitConfigMethod()[pri:0, instance:com.client.NM_HospitalManage.Module.DisplayAdminDashboardTest@5542c4ed]" started-at="2025-10-15T15:15:01 IST" name="beforeSuitConfigMethod" finished-at="2025-10-15T15:15:01 IST" duration-ms="16" status="PASS">
          <reporter-output>
          </reporter-output>
        </test-method> <!-- beforeSuitConfigMethod -->
        <test-method is-config="true" signature="beforeClassConfigMethod(org.testng.xml.XmlTest)[pri:0, instance:com.client.NM_HospitalManage.Module.DisplayAdminDashboardTest@5542c4ed]" started-at="2025-10-15T15:15:01 IST" name="beforeClassConfigMethod" finished-at="2025-10-15T15:15:07 IST" duration-ms="5420" status="PASS">
          <params>
            <param index="0">
              <value>
                <![CDATA[org.testng.xml.XmlTest@6bb4e55a]]>
              </value>
            </param>
          </params>
          <reporter-output>
          </reporter-output>
        </test-method> <!-- beforeClassConfigMethod -->
        <test-method is-config="true" signature="beforeMethodConfig()[pri:0, instance:com.client.NM_HospitalManage.Module.DisplayAdminDashboardTest@5542c4ed]" started-at="2025-10-15T15:15:07 IST" name="beforeMethodConfig" finished-at="2025-10-15T15:15:08 IST" duration-ms="1643" status="PASS">
          <reporter-output>
          </reporter-output>
        </test-method> <!-- beforeMethodConfig -->
        <test-method signature="adminPagetest()[pri:0, instance:com.client.NM_HospitalManage.Module.DisplayAdminDashboardTest@5542c4ed]" started-at="2025-10-15T15:15:08 IST" name="adminPagetest" finished-at="2025-10-15T15:15:09 IST" duration-ms="34" status="PASS">
          <reporter-output>
          </reporter-output>
        </test-method> <!-- adminPagetest -->
        <test-method is-config="true" signature="afterMethodConfig()[pri:0, instance:com.client.NM_HospitalManage.Module.DisplayAdminDashboardTest@5542c4ed]" started-at="2025-10-15T15:15:09 IST" name="afterMethodConfig" finished-at="2025-10-15T15:15:09 IST" duration-ms="613" status="PASS">
          <reporter-output>
          </reporter-output>
        </test-method> <!-- afterMethodConfig -->
        <test-method is-config="true" signature="afterClassConfigMethod()[pri:0, instance:com.client.NM_HospitalManage.Module.DisplayAdminDashboardTest@5542c4ed]" started-at="2025-10-15T15:15:09 IST" name="afterClassConfigMethod" finished-at="2025-10-15T15:15:10 IST" duration-ms="442" status="PASS">
          <reporter-output>
          </reporter-output>
        </test-method> <!-- afterClassConfigMethod -->
        <test-method is-config="true" signature="afterSuiteConfigMethod()[pri:0, instance:com.client.NM_HospitalManage.Module.DisplayAdminDashboardTest@5542c4ed]" started-at="2025-10-15T15:15:10 IST" name="afterSuiteConfigMethod" finished-at="2025-10-15T15:15:10 IST" duration-ms="1" status="PASS">
          <reporter-output>
          </reporter-output>
        </test-method> <!-- afterSuiteConfigMethod -->
      </class> <!-- com.client.NM_HospitalManage.Module.DisplayAdminDashboardTest -->
    </test> <!-- Default test -->
  </suite> <!-- Default suite -->
</testng-results>
